# JRE version: OpenJDK Runtime Environment Temurin-17.0.10+7 (17.0.10+7) (build 17.0.10+7)
# Java VM: OpenJDK 64-Bit Server VM Temurin-17.0.10+7 (17.0.10+7, mixed mode, tiered, compressed oops, compressed class ptrs, parallel gc, windows-amd64)
GC Precious Log:
 CPUs: 8 total, 8 available
 Memory: 7914M
 Large Page Support: Disabled
 NUMA Support: Disabled
 Compressed Oops: Enabled (32-bit)
 Alignments: Space 512K, Generation 512K, Heap 2M
 Heap Min Capacity: 100M
 Heap Initial Capacity: 100M
 Heap Max Capacity: 1G
 Pre-touch: Disabled
 Parallel Workers: 8
Heap:
 PSYoungGen      total 13824K, used 5590K [0x00000000eab00000, 0x00000000ebb80000, 0x0000000100000000)
  eden space 10752K, 27% used [0x00000000eab00000,0x00000000eadf0848,0x00000000eb580000)
  from space 3072K, 83% used [0x00000000eb880000,0x00000000ebb050a8,0x00000000ebb80000)
  to   space 3072K, 0% used [0x00000000eb580000,0x00000000eb580000,0x00000000eb880000)
 ParOldGen       total 109056K, used 87150K [0x00000000c0000000, 0x00000000c6a80000, 0x00000000eab00000)
  object space 109056K, 79% used [0x00000000c0000000,0x00000000c551bbd0,0x00000000c6a80000)
 Metaspace       used 81196K, committed 82432K, reserved 1179648K
  class space    used 9715K, committed 10304K, reserved 1048576K
GC Heap History (20 events):
Event: 19.681 GC heap before
{Heap before GC invocations=84 (full 4):
 PSYoungGen      total 16384K, used 16211K [0x00000000eab00000, 0x00000000ebc80000, 0x0000000100000000)
  eden space 14848K, 100% used [0x00000000eab00000,0x00000000eb980000,0x00000000eb980000)
  from space 1536K, 88% used [0x00000000ebb00000,0x00000000ebc54dd8,0x00000000ebc80000)
  to   space 1536K, 0% used [0x00000000eb980000,0x00000000eb980000,0x00000000ebb00000)
 ParOldGen       total 93696K, used 88119K [0x00000000c0000000, 0x00000000c5b80000, 0x00000000eab00000)
  object space 93696K, 94% used [0x00000000c0000000,0x00000000c560ddc0,0x00000000c5b80000)
 Metaspace       used 80195K, committed 81344K, reserved 1179648K
  class space    used 9585K, committed 10112K, reserved 1048576K
}
Event: 19.684 GC heap after
{Heap after GC invocations=84 (full 4):
 PSYoungGen      total 16384K, used 1359K [0x00000000eab00000, 0x00000000ebc80000, 0x0000000100000000)
  eden space 14848K, 0% used [0x00000000eab00000,0x00000000eab00000,0x00000000eb980000)
  from space 1536K, 88% used [0x00000000eb980000,0x00000000ebad3f70,0x00000000ebb00000)
  to   space 1536K, 0% used [0x00000000ebb00000,0x00000000ebb00000,0x00000000ebc80000)
 ParOldGen       total 93696K, used 89287K [0x00000000c0000000, 0x00000000c5b80000, 0x00000000eab00000)
  object space 93696K, 95% used [0x00000000c0000000,0x00000000c5731c48,0x00000000c5b80000)
 Metaspace       used 80195K, committed 81344K, reserved 1179648K
  class space    used 9585K, committed 10112K, reserved 1048576K
}
Event: 19.755 GC heap before
{Heap before GC invocations=85 (full 4):
 PSYoungGen      total 16384K, used 16207K [0x00000000eab00000, 0x00000000ebc80000, 0x0000000100000000)
  eden space 14848K, 100% used [0x00000000eab00000,0x00000000eb980000,0x00000000eb980000)
  from space 1536K, 88% used [0x00000000eb980000,0x00000000ebad3f70,0x00000000ebb00000)
  to   space 1536K, 0% used [0x00000000ebb00000,0x00000000ebb00000,0x00000000ebc80000)
 ParOldGen       total 93696K, used 89287K [0x00000000c0000000, 0x00000000c5b80000, 0x00000000eab00000)
  object space 93696K, 95% used [0x00000000c0000000,0x00000000c5731c48,0x00000000c5b80000)
 Metaspace       used 80211K, committed 81408K, reserved 1179648K
  class space    used 9585K, committed 10112K, reserved 1048576K
}
Event: 19.758 GC heap after
{Heap after GC invocations=85 (full 4):
 PSYoungGen      total 16384K, used 1253K [0x00000000eab00000, 0x00000000ebc80000, 0x0000000100000000)
  eden space 14848K, 0% used [0x00000000eab00000,0x00000000eab00000,0x00000000eb980000)
  from space 1536K, 81% used [0x00000000ebb00000,0x00000000ebc39710,0x00000000ebc80000)
  to   space 1536K, 0% used [0x00000000eb980000,0x00000000eb980000,0x00000000ebb00000)
 ParOldGen       total 93696K, used 90413K [0x00000000c0000000, 0x00000000c5b80000, 0x00000000eab00000)
  object space 93696K, 96% used [0x00000000c0000000,0x00000000c584b730,0x00000000c5b80000)
 Metaspace       used 80211K, committed 81408K, reserved 1179648K
  class space    used 9585K, committed 10112K, reserved 1048576K
}
Event: 19.966 GC heap before
{Heap before GC invocations=86 (full 4):
 PSYoungGen      total 16384K, used 16101K [0x00000000eab00000, 0x00000000ebc80000, 0x0000000100000000)
  eden space 14848K, 100% used [0x00000000eab00000,0x00000000eb980000,0x00000000eb980000)
  from space 1536K, 81% used [0x00000000ebb00000,0x00000000ebc39710,0x00000000ebc80000)
  to   space 1536K, 0% used [0x00000000eb980000,0x00000000eb980000,0x00000000ebb00000)
 ParOldGen       total 93696K, used 90413K [0x00000000c0000000, 0x00000000c5b80000, 0x00000000eab00000)
  object space 93696K, 96% used [0x00000000c0000000,0x00000000c584b730,0x00000000c5b80000)
 Metaspace       used 80236K, committed 81408K, reserved 1179648K
  class space    used 9586K, committed 10112K, reserved 1048576K
}
Event: 19.969 GC heap after
{Heap after GC invocations=86 (full 4):
 PSYoungGen      total 15360K, used 384K [0x00000000eab00000, 0x00000000ebb80000, 0x0000000100000000)
  eden space 14848K, 0% used [0x00000000eab00000,0x00000000eab00000,0x00000000eb980000)
  from space 512K, 75% used [0x00000000eb980000,0x00000000eb9e0000,0x00000000eba00000)
  to   space 1024K, 0% used [0x00000000eba80000,0x00000000eba80000,0x00000000ebb80000)
 ParOldGen       total 93696K, used 91128K [0x00000000c0000000, 0x00000000c5b80000, 0x00000000eab00000)
  object space 93696K, 97% used [0x00000000c0000000,0x00000000c58fe308,0x00000000c5b80000)
 Metaspace       used 80236K, committed 81408K, reserved 1179648K
  class space    used 9586K, committed 10112K, reserved 1048576K
}
Event: 20.115 GC heap before
{Heap before GC invocations=87 (full 4):
 PSYoungGen      total 15360K, used 15232K [0x00000000eab00000, 0x00000000ebb80000, 0x0000000100000000)
  eden space 14848K, 100% used [0x00000000eab00000,0x00000000eb980000,0x00000000eb980000)
  from space 512K, 75% used [0x00000000eb980000,0x00000000eb9e0000,0x00000000eba00000)
  to   space 1024K, 0% used [0x00000000eba80000,0x00000000eba80000,0x00000000ebb80000)
 ParOldGen       total 93696K, used 91128K [0x00000000c0000000, 0x00000000c5b80000, 0x00000000eab00000)
  object space 93696K, 97% used [0x00000000c0000000,0x00000000c58fe308,0x00000000c5b80000)
 Metaspace       used 80358K, committed 81536K, reserved 1179648K
  class space    used 9590K, committed 10112K, reserved 1048576K
}
Event: 20.117 GC heap after
{Heap after GC invocations=87 (full 4):
 PSYoungGen      total 15360K, used 1009K [0x00000000eab00000, 0x00000000ebc80000, 0x0000000100000000)
  eden space 14336K, 0% used [0x00000000eab00000,0x00000000eab00000,0x00000000eb900000)
  from space 1024K, 98% used [0x00000000eba80000,0x00000000ebb7c4c8,0x00000000ebb80000)
  to   space 1536K, 0% used [0x00000000eb900000,0x00000000eb900000,0x00000000eba80000)
 ParOldGen       total 93696K, used 91384K [0x00000000c0000000, 0x00000000c5b80000, 0x00000000eab00000)
  object space 93696K, 97% used [0x00000000c0000000,0x00000000c593e1c0,0x00000000c5b80000)
 Metaspace       used 80358K, committed 81536K, reserved 1179648K
  class space    used 9590K, committed 10112K, reserved 1048576K
}
Event: 20.284 GC heap before
{Heap before GC invocations=88 (full 4):
 PSYoungGen      total 15360K, used 15345K [0x00000000eab00000, 0x00000000ebc80000, 0x0000000100000000)
  eden space 14336K, 100% used [0x00000000eab00000,0x00000000eb900000,0x00000000eb900000)
  from space 1024K, 98% used [0x00000000eba80000,0x00000000ebb7c4c8,0x00000000ebb80000)
  to   space 1536K, 0% used [0x00000000eb900000,0x00000000eb900000,0x00000000eba80000)
 ParOldGen       total 93696K, used 91384K [0x00000000c0000000, 0x00000000c5b80000, 0x00000000eab00000)
  object space 93696K, 97% used [0x00000000c0000000,0x00000000c593e1c0,0x00000000c5b80000)
 Metaspace       used 80517K, committed 81728K, reserved 1179648K
  class space    used 9612K, committed 10176K, reserved 1048576K
}
Event: 20.287 GC heap after
{Heap after GC invocations=88 (full 4):
 PSYoungGen      total 15360K, used 954K [0x00000000eab00000, 0x00000000ebb00000, 0x0000000100000000)
  eden space 14336K, 0% used [0x00000000eab00000,0x00000000eab00000,0x00000000eb900000)
  from space 1024K, 93% used [0x00000000eb900000,0x00000000eb9eebd8,0x00000000eba00000)
  to   space 1024K, 0% used [0x00000000eba00000,0x00000000eba00000,0x00000000ebb00000)
 ParOldGen       total 93696K, used 92311K [0x00000000c0000000, 0x00000000c5b80000, 0x00000000eab00000)
  object space 93696K, 98% used [0x00000000c0000000,0x00000000c5a25d80,0x00000000c5b80000)
 Metaspace       used 80517K, committed 81728K, reserved 1179648K
  class space    used 9612K, committed 10176K, reserved 1048576K
}
Event: 20.545 GC heap before
{Heap before GC invocations=89 (full 4):
 PSYoungGen      total 15360K, used 15290K [0x00000000eab00000, 0x00000000ebb00000, 0x0000000100000000)
  eden space 14336K, 100% used [0x00000000eab00000,0x00000000eb900000,0x00000000eb900000)
  from space 1024K, 93% used [0x00000000eb900000,0x00000000eb9eebd8,0x00000000eba00000)
  to   space 1024K, 0% used [0x00000000eba00000,0x00000000eba00000,0x00000000ebb00000)
 ParOldGen       total 93696K, used 92311K [0x00000000c0000000, 0x00000000c5b80000, 0x00000000eab00000)
  object space 93696K, 98% used [0x00000000c0000000,0x00000000c5a25d80,0x00000000c5b80000)
 Metaspace       used 80670K, committed 81920K, reserved 1179648K
  class space    used 9622K, committed 10176K, reserved 1048576K
}
Event: 20.547 GC heap after
{Heap after GC invocations=89 (full 4):
 PSYoungGen      total 15360K, used 771K [0x00000000eab00000, 0x00000000ebb00000, 0x0000000100000000)
  eden space 14336K, 0% used [0x00000000eab00000,0x00000000eab00000,0x00000000eb900000)
  from space 1024K, 75% used [0x00000000eba00000,0x00000000ebac0c90,0x00000000ebb00000)
  to   space 1024K, 0% used [0x00000000eb900000,0x00000000eb900000,0x00000000eba00000)
 ParOldGen       total 93696K, used 93170K [0x00000000c0000000, 0x00000000c5b80000, 0x00000000eab00000)
  object space 93696K, 99% used [0x00000000c0000000,0x00000000c5afca10,0x00000000c5b80000)
 Metaspace       used 80670K, committed 81920K, reserved 1179648K
  class space    used 9622K, committed 10176K, reserved 1048576K
}
Event: 20.547 GC heap before
{Heap before GC invocations=90 (full 5):
 PSYoungGen      total 15360K, used 771K [0x00000000eab00000, 0x00000000ebb00000, 0x0000000100000000)
  eden space 14336K, 0% used [0x00000000eab00000,0x00000000eab00000,0x00000000eb900000)
  from space 1024K, 75% used [0x00000000eba00000,0x00000000ebac0c90,0x00000000ebb00000)
  to   space 1024K, 0% used [0x00000000eb900000,0x00000000eb900000,0x00000000eba00000)
 ParOldGen       total 93696K, used 93170K [0x00000000c0000000, 0x00000000c5b80000, 0x00000000eab00000)
  object space 93696K, 99% used [0x00000000c0000000,0x00000000c5afca10,0x00000000c5b80000)
 Metaspace       used 80670K, committed 81920K, reserved 1179648K
  class space    used 9622K, committed 10176K, reserved 1048576K
}
Event: 20.648 GC heap after
{Heap after GC invocations=90 (full 5):
 PSYoungGen      total 15360K, used 0K [0x00000000eab00000, 0x00000000ebb00000, 0x0000000100000000)
  eden space 14336K, 0% used [0x00000000eab00000,0x00000000eab00000,0x00000000eb900000)
  from space 1024K, 0% used [0x00000000eb900000,0x00000000eb900000,0x00000000eba00000)
  to   space 1024K, 0% used [0x00000000eba00000,0x00000000eba00000,0x00000000ebb00000)
 ParOldGen       total 109056K, used 83396K [0x00000000c0000000, 0x00000000c6a80000, 0x00000000eab00000)
  object space 109056K, 76% used [0x00000000c0000000,0x00000000c5171028,0x00000000c6a80000)
 Metaspace       used 80670K, committed 81920K, reserved 1179648K
  class space    used 9622K, committed 10176K, reserved 1048576K
}
Event: 20.860 GC heap before
{Heap before GC invocations=91 (full 5):
 PSYoungGen      total 15360K, used 14303K [0x00000000eab00000, 0x00000000ebb00000, 0x0000000100000000)
  eden space 14336K, 99% used [0x00000000eab00000,0x00000000eb8f7f30,0x00000000eb900000)
  from space 1024K, 0% used [0x00000000eb900000,0x00000000eb900000,0x00000000eba00000)
  to   space 1024K, 0% used [0x00000000eba00000,0x00000000eba00000,0x00000000ebb00000)
 ParOldGen       total 109056K, used 83396K [0x00000000c0000000, 0x00000000c6a80000, 0x00000000eab00000)
  object space 109056K, 76% used [0x00000000c0000000,0x00000000c5171028,0x00000000c6a80000)
 Metaspace       used 80752K, committed 81984K, reserved 1179648K
  class space    used 9623K, committed 10176K, reserved 1048576K
}
Event: 20.863 GC heap after
{Heap after GC invocations=91 (full 5):
 PSYoungGen      total 11776K, used 1017K [0x00000000eab00000, 0x00000000ec200000, 0x0000000100000000)
  eden space 10752K, 0% used [0x00000000eab00000,0x00000000eab00000,0x00000000eb580000)
  from space 1024K, 99% used [0x00000000eba00000,0x00000000ebafe4d8,0x00000000ebb00000)
  to   space 4608K, 0% used [0x00000000eb580000,0x00000000eb580000,0x00000000eba00000)
 ParOldGen       total 109056K, used 86141K [0x00000000c0000000, 0x00000000c6a80000, 0x00000000eab00000)
  object space 109056K, 78% used [0x00000000c0000000,0x00000000c541f770,0x00000000c6a80000)
 Metaspace       used 80752K, committed 81984K, reserved 1179648K
  class space    used 9623K, committed 10176K, reserved 1048576K
}
Event: 21.044 GC heap before
{Heap before GC invocations=92 (full 5):
 PSYoungGen      total 11776K, used 11769K [0x00000000eab00000, 0x00000000ec200000, 0x0000000100000000)
  eden space 10752K, 100% used [0x00000000eab00000,0x00000000eb580000,0x00000000eb580000)
  from space 1024K, 99% used [0x00000000eba00000,0x00000000ebafe4d8,0x00000000ebb00000)
  to   space 4608K, 0% used [0x00000000eb580000,0x00000000eb580000,0x00000000eba00000)
 ParOldGen       total 109056K, used 86141K [0x00000000c0000000, 0x00000000c6a80000, 0x00000000eab00000)
  object space 109056K, 78% used [0x00000000c0000000,0x00000000c541f770,0x00000000c6a80000)
 Metaspace       used 80824K, committed 81984K, reserved 1179648K
  class space    used 9634K, committed 10176K, reserved 1048576K
}
Event: 21.046 GC heap after
{Heap after GC invocations=92 (full 5):
 PSYoungGen      total 12800K, used 1950K [0x00000000eab00000, 0x00000000ebb80000, 0x0000000100000000)
  eden space 10752K, 0% used [0x00000000eab00000,0x00000000eab00000,0x00000000eb580000)
  from space 2048K, 95% used [0x00000000eb580000,0x00000000eb7678b0,0x00000000eb780000)
  to   space 3072K, 0% used [0x00000000eb880000,0x00000000eb880000,0x00000000ebb80000)
 ParOldGen       total 109056K, used 87150K [0x00000000c0000000, 0x00000000c6a80000, 0x00000000eab00000)
  object space 109056K, 79% used [0x00000000c0000000,0x00000000c551bbd0,0x00000000c6a80000)
 Metaspace       used 80824K, committed 81984K, reserved 1179648K
  class space    used 9634K, committed 10176K, reserved 1048576K
}
Event: 21.294 GC heap before
{Heap before GC invocations=93 (full 5):
 PSYoungGen      total 12800K, used 12702K [0x00000000eab00000, 0x00000000ebb80000, 0x0000000100000000)
  eden space 10752K, 100% used [0x00000000eab00000,0x00000000eb580000,0x00000000eb580000)
  from space 2048K, 95% used [0x00000000eb580000,0x00000000eb7678b0,0x00000000eb780000)
  to   space 3072K, 0% used [0x00000000eb880000,0x00000000eb880000,0x00000000ebb80000)
 ParOldGen       total 109056K, used 87150K [0x00000000c0000000, 0x00000000c6a80000, 0x00000000eab00000)
  object space 109056K, 79% used [0x00000000c0000000,0x00000000c551bbd0,0x00000000c6a80000)
 Metaspace       used 81107K, committed 82304K, reserved 1179648K
  class space    used 9695K, committed 10240K, reserved 1048576K
}
Event: 21.297 GC heap after
{Heap after GC invocations=93 (full 5):
 PSYoungGen      total 13824K, used 2580K [0x00000000eab00000, 0x00000000ebb80000, 0x0000000100000000)
  eden space 10752K, 0% used [0x00000000eab00000,0x00000000eab00000,0x00000000eb580000)
  from space 3072K, 83% used [0x00000000eb880000,0x00000000ebb050a8,0x00000000ebb80000)
  to   space 3072K, 0% used [0x00000000eb580000,0x00000000eb580000,0x00000000eb880000)
 ParOldGen       total 109056K, used 87150K [0x00000000c0000000, 0x00000000c6a80000, 0x00000000eab00000)
  object space 109056K, 79% used [0x00000000c0000000,0x00000000c551bbd0,0x00000000c6a80000)
 Metaspace       used 81107K, committed 82304K, reserved 1179648K
  class space    used 9695K, committed 10240K, reserved 1048576K
}

